==444004== Memcheck, a memory error detector
==444004== Copyright (C) 2002-2017, and GNU GPL'd, by Julian Seward et al.
==444004== Using Valgrind-3.18.1 and LibVEX; rerun with -h for copyright info
==444004== Command: ./minishell
==444004== Parent PID: 70124
==444004== 
==444006== 
==444006== HEAP SUMMARY:
==444006==     in use at exit: 214,478 bytes in 394 blocks
==444006==   total heap usage: 608 allocs, 214 frees, 238,327 bytes allocated
==444006== 
==444006== LEAK SUMMARY:
==444006==    definitely lost: 0 bytes in 0 blocks
==444006==    indirectly lost: 0 bytes in 0 blocks
==444006==      possibly lost: 0 bytes in 0 blocks
==444006==    still reachable: 214,478 bytes in 394 blocks
==444006==         suppressed: 0 bytes in 0 blocks
==444006== Reachable blocks (those to which a pointer was found) are not shown.
==444006== To see them, rerun with: --leak-check=full --show-leak-kinds=all
==444006== 
==444006== For lists of detected and suppressed errors, rerun with: -s
==444006== ERROR SUMMARY: 0 errors from 0 contexts (suppressed: 0 from 0)
==444007== 
==444007== HEAP SUMMARY:
==444007==     in use at exit: 214,478 bytes in 394 blocks
==444007==   total heap usage: 608 allocs, 214 frees, 238,333 bytes allocated
==444007== 
==444007== LEAK SUMMARY:
==444007==    definitely lost: 0 bytes in 0 blocks
==444007==    indirectly lost: 0 bytes in 0 blocks
==444007==      possibly lost: 0 bytes in 0 blocks
==444007==    still reachable: 214,478 bytes in 394 blocks
==444007==         suppressed: 0 bytes in 0 blocks
==444007== Reachable blocks (those to which a pointer was found) are not shown.
==444007== To see them, rerun with: --leak-check=full --show-leak-kinds=all
==444007== 
==444007== For lists of detected and suppressed errors, rerun with: -s
==444007== ERROR SUMMARY: 0 errors from 0 contexts (suppressed: 0 from 0)
==444004== 
==444004== Process terminating with default action of signal 13 (SIGPIPE)
==444004==    at 0x49D98F7: write (write.c:26)
==444004==    by 0x494FEEC: _IO_file_write@@GLIBC_2.2.5 (fileops.c:1180)
==444004==    by 0x49519E0: new_do_write (fileops.c:448)
==444004==    by 0x49519E0: _IO_new_do_write (fileops.c:425)
==444004==    by 0x49519E0: _IO_do_write@@GLIBC_2.2.5 (fileops.c:422)
==444004==    by 0x494F4D7: _IO_file_sync@@GLIBC_2.2.5 (fileops.c:798)
==444004==    by 0x49441A9: fflush (iofflush.c:40)
==444004==    by 0x489D4E6: rl_redisplay (in /usr/lib/x86_64-linux-gnu/libreadline.so.8.1)
==444004==    by 0x4888458: readline_internal_setup (in /usr/lib/x86_64-linux-gnu/libreadline.so.8.1)
==444004==    by 0x4892CF8: readline (in /usr/lib/x86_64-linux-gnu/libreadline.so.8.1)
==444004==    by 0x4016F6: main (minishell.c:147)
==444004== 
==444004== HEAP SUMMARY:
==444004==     in use at exit: 223,222 bytes in 391 blocks
==444004==   total heap usage: 602 allocs, 211 frees, 238,004 bytes allocated
==444004== 
==444004== LEAK SUMMARY:
==444004==    definitely lost: 0 bytes in 0 blocks
==444004==    indirectly lost: 0 bytes in 0 blocks
==444004==      possibly lost: 0 bytes in 0 blocks
==444004==    still reachable: 223,222 bytes in 391 blocks
==444004==         suppressed: 0 bytes in 0 blocks
==444004== Reachable blocks (those to which a pointer was found) are not shown.
==444004== To see them, rerun with: --leak-check=full --show-leak-kinds=all
==444004== 
==444004== For lists of detected and suppressed errors, rerun with: -s
==444004== ERROR SUMMARY: 0 errors from 0 contexts (suppressed: 0 from 0)
