==304001== Memcheck, a memory error detector
==304001== Copyright (C) 2002-2017, and GNU GPL'd, by Julian Seward et al.
==304001== Using Valgrind-3.18.1 and LibVEX; rerun with -h for copyright info
==304001== Command: ./minishell
==304001== Parent PID: 70124
==304001== 
==304001== 
==304001== Process terminating with default action of signal 13 (SIGPIPE)
==304001==    at 0x49D98F7: write (write.c:26)
==304001==    by 0x494FEEC: _IO_file_write@@GLIBC_2.2.5 (fileops.c:1180)
==304001==    by 0x49519E0: new_do_write (fileops.c:448)
==304001==    by 0x49519E0: _IO_new_do_write (fileops.c:425)
==304001==    by 0x49519E0: _IO_do_write@@GLIBC_2.2.5 (fileops.c:422)
==304001==    by 0x494F4D7: _IO_file_sync@@GLIBC_2.2.5 (fileops.c:798)
==304001==    by 0x49441A9: fflush (iofflush.c:40)
==304001==    by 0x489D4E6: rl_redisplay (in /usr/lib/x86_64-linux-gnu/libreadline.so.8.1)
==304001==    by 0x4888458: readline_internal_setup (in /usr/lib/x86_64-linux-gnu/libreadline.so.8.1)
==304001==    by 0x4892CF8: readline (in /usr/lib/x86_64-linux-gnu/libreadline.so.8.1)
==304001==    by 0x4016F6: main (minishell.c:147)
==304001== 
==304001== FILE DESCRIPTORS: 7 open (3 std) at exit.
==304001== Open file descriptor 103: /usr/share/code/v8_context_snapshot.bin
==304001==    <inherited from parent>
==304001== 
==304001== Open file descriptor 38: /dev/ptmx
==304001==    <inherited from parent>
==304001== 
==304001== Open file descriptor 37: /home/alnassar/.config/Code/logs/20251222T005820/ptyhost.log
==304001==    <inherited from parent>
==304001== 
==304001== Open file descriptor 3: /sgoinfre/alnassar/minishelll/valgrind_redir.log
==304001==    <inherited from parent>
==304001== 
==304001== 
==304001== HEAP SUMMARY:
==304001==     in use at exit: 223,316 bytes in 394 blocks
==304001==   total heap usage: 657 allocs, 263 frees, 239,424 bytes allocated
==304001== 
==304001== LEAK SUMMARY:
==304001==    definitely lost: 0 bytes in 0 blocks
==304001==    indirectly lost: 0 bytes in 0 blocks
==304001==      possibly lost: 0 bytes in 0 blocks
==304001==    still reachable: 223,316 bytes in 394 blocks
==304001==         suppressed: 0 bytes in 0 blocks
==304001== Reachable blocks (those to which a pointer was found) are not shown.
==304001== To see them, rerun with: --leak-check=full --show-leak-kinds=all
==304001== 
==304001== For lists of detected and suppressed errors, rerun with: -s
==304001== ERROR SUMMARY: 0 errors from 0 contexts (suppressed: 0 from 0)
